 
cpldfit:  version P.20131013                        Xilinx Inc.
                                  No Fit Report
Design Name: top                                 Date:  1-10-2023, 11:28PM
Device Used: 
Fitting Status: Design Rule Checking Failed

**************************  Errors and Warnings  ***************************

WARNING:Cpld - Unable to retrieve the path to the iSE Project Repository. Will
   use the default filename of 'top.ise'.
WARNING:Cpld:945 - The component 'XLXI_14' has no outputs and will be deleted.
WARNING:Cpld:945 - The component 'XLXI_19' has no outputs and will be deleted.
WARNING:Cpld:945 - The component 'XLXI_31' has no outputs and will be deleted.
WARNING:Cpld:945 - The component 'XLXI_33' has no outputs and will be deleted.
WARNING:Cpld:945 - The component 'XLXI_35' has no outputs and will be deleted.
WARNING:Cpld:945 - The component 'XLXI_39' has no outputs and will be deleted.
WARNING:Cpld:945 - The component 'XLXI_41' has no outputs and will be deleted.
WARNING:Cpld:944 - The component 'XLXI_47' has no inputs and will be deleted.
WARNING:Cpld:944 - The component 'XLXI_48' has no inputs and will be deleted.
WARNING:Cpld:945 - The component 'XLXI_106' has no outputs and will be deleted.
WARNING:Cpld:945 - The component 'XLXI_107' has no outputs and will be deleted.
WARNING:Cpld:945 - The component 'XLXI_108' has no outputs and will be deleted.
WARNING:Cpld:945 - The component 'XLXI_109' has no outputs and will be deleted.
WARNING:Cpld:936 - The output buffer 'XLXI_45' is missing an input and will be
   deleted.
WARNING:Cpld:936 - The output buffer 'XLXI_44' is missing an input and will be
   deleted.
ERROR:Cpld:1005 - Design 'top' has no outputs.


